This is pdfTeX, Version 3.141592653-2.6-1.40.23 (TeX Live 2021/W32TeX) (preloaded format=pdflatex 2021.8.8)  30 AUG 2021 16:03
entering extended mode
 restricted \write18 enabled.
 %&-line parsing enabled.
**_main.tex
(./_main.tex
LaTeX2e <2021-06-01> patch level 1
L3 programming layer <2021-07-12> (c:/Users/scla896/AppData/Roaming/TinyTeX/tex
mf-dist/tex/latex/base/book.cls
Document Class: book 2021/02/12 v1.4n Standard LaTeX document class
(c:/Users/scla896/AppData/Roaming/TinyTeX/texmf-dist/tex/latex/base/bk12.clo
File: bk12.clo 2021/02/12 v1.4n Standard LaTeX file (size option)
)
\c@part=\count182
\c@chapter=\count183
\c@section=\count184
\c@subsection=\count185
\c@subsubsection=\count186
\c@paragraph=\count187
\c@subparagraph=\count188
\c@figure=\count189
\c@table=\count190
\abovecaptionskip=\skip47
\belowcaptionskip=\skip48
\bibindent=\dimen138
) (c:/Users/scla896/AppData/Roaming/TinyTeX/texmf-dist/tex/latex/lm/lmodern.sty
Package: lmodern 2015/05/01 v1.6.1 Latin Modern Fonts
LaTeX Font Info:    Overwriting symbol font `operators' in version `normal'
(Font)                  OT1/cmr/m/n --> OT1/lmr/m/n on input line 22.
LaTeX Font Info:    Overwriting symbol font `letters' in version `normal'
(Font)                  OML/cmm/m/it --> OML/lmm/m/it on input line 23.
LaTeX Font Info:    Overwriting symbol font `symbols' in version `normal'
(Font)                  OMS/cmsy/m/n --> OMS/lmsy/m/n on input line 24.
LaTeX Font Info:    Overwriting symbol font `largesymbols' in version `normal'
(Font)                  OMX/cmex/m/n --> OMX/lmex/m/n on input line 25.
LaTeX Font Info:    Overwriting symbol font `operators' in version `bold'
(Font)                  OT1/cmr/bx/n --> OT1/lmr/bx/n on input line 26.
LaTeX Font Info:    Overwriting symbol font `letters' in version `bold'
(Font)                  OML/cmm/b/it --> OML/lmm/b/it on input line 27.
LaTeX Font Info:    Overwriting symbol font `symbols' in version `bold'
(Font)                  OMS/cmsy/b/n --> OMS/lmsy/b/n on input line 28.
LaTeX Font Info:    Overwriting symbol font `largesymbols' in version `bold'
(Font)                  OMX/cmex/m/n --> OMX/lmex/m/n on input line 29.
LaTeX Font Info:    Overwriting math alphabet `\mathbf' in version `normal'
(Font)                  OT1/cmr/bx/n --> OT1/lmr/bx/n on input line 31.
LaTeX Font Info:    Overwriting math alphabet `\mathsf' in version `normal'
(Font)                  OT1/cmss/m/n --> OT1/lmss/m/n on input line 32.
LaTeX Font Info:    Overwriting math alphabet `\mathit' in version `normal'
(Font)                  OT1/cmr/m/it --> OT1/lmr/m/it on input line 33.
LaTeX Font Info:    Overwriting math alphabet `\mathtt' in version `normal'
(Font)                  OT1/cmtt/m/n --> OT1/lmtt/m/n on input line 34.
LaTeX Font Info:    Overwriting math alphabet `\mathbf' in version `bold'
(Font)                  OT1/cmr/bx/n --> OT1/lmr/bx/n on input line 35.
LaTeX Font Info:    Overwriting math alphabet `\mathsf' in version `bold'
(Font)                  OT1/cmss/bx/n --> OT1/lmss/bx/n on input line 36.
LaTeX Font Info:    Overwriting math alphabet `\mathit' in version `bold'
(Font)                  OT1/cmr/bx/it --> OT1/lmr/bx/it on input line 37.
LaTeX Font Info:    Overwriting math alphabet `\mathtt' in version `bold'
(Font)                  OT1/cmtt/m/n --> OT1/lmtt/m/n on input line 38.
)
(c:/Users/scla896/AppData/Roaming/TinyTeX/texmf-dist/tex/latex/amsfonts/amssymb
.sty
Package: amssymb 2013/01/14 v3.01 AMS font symbols

(c:/Users/scla896/AppData/Roaming/TinyTeX/texmf-dist/tex/latex/amsfonts/amsfont
s.sty
Package: amsfonts 2013/01/14 v3.01 Basic AMSFonts support
\@emptytoks=\toks16
\symAMSa=\mathgroup4
\symAMSb=\mathgroup5
LaTeX Font Info:    Redeclaring math symbol \hbar on input line 98.
LaTeX Font Info:    Overwriting math alphabet `\mathfrak' in version `bold'
(Font)                  U/euf/m/n --> U/euf/b/n on input line 106.
))
(c:/Users/scla896/AppData/Roaming/TinyTeX/texmf-dist/tex/latex/amsmath/amsmath.
sty
Package: amsmath 2021/04/20 v2.17j AMS math features
\@mathmargin=\skip49
For additional information on amsmath, use the `?' option.

(c:/Users/scla896/AppData/Roaming/TinyTeX/texmf-dist/tex/latex/amsmath/amstext.
sty
Package: amstext 2000/06/29 v2.01 AMS text

(c:/Users/scla896/AppData/Roaming/TinyTeX/texmf-dist/tex/latex/amsmath/amsgen.s
ty
File: amsgen.sty 1999/11/30 v2.0 generic functions
\@emptytoks=\toks17
\ex@=\dimen139
))
(c:/Users/scla896/AppData/Roaming/TinyTeX/texmf-dist/tex/latex/amsmath/amsbsy.s
ty
Package: amsbsy 1999/11/29 v1.2d Bold Symbols
\pmbraise@=\dimen140
)
(c:/Users/scla896/AppData/Roaming/TinyTeX/texmf-dist/tex/latex/amsmath/amsopn.s
ty
Package: amsopn 2016/03/08 v2.02 operator names
)
\inf@bad=\count191
LaTeX Info: Redefining \frac on input line 234.
\uproot@=\count192
\leftroot@=\count193
LaTeX Info: Redefining \overline on input line 399.
\classnum@=\count194
\DOTSCASE@=\count195
LaTeX Info: Redefining \ldots on input line 496.
LaTeX Info: Redefining \dots on input line 499.
LaTeX Info: Redefining \cdots on input line 620.
\Mathstrutbox@=\box50
\strutbox@=\box51
\big@size=\dimen141
LaTeX Font Info:    Redeclaring font encoding OML on input line 743.
LaTeX Font Info:    Redeclaring font encoding OMS on input line 744.
\macc@depth=\count196
\c@MaxMatrixCols=\count197
\dotsspace@=\muskip16
\c@parentequation=\count198
\dspbrk@lvl=\count199
\tag@help=\toks18
\row@=\count266
\column@=\count267
\maxfields@=\count268
\andhelp@=\toks19
\eqnshift@=\dimen142
\alignsep@=\dimen143
\tagshift@=\dimen144
\tagwidth@=\dimen145
\totwidth@=\dimen146
\lineht@=\dimen147
\@envbody=\toks20
\multlinegap=\skip50
\multlinetaggap=\skip51
\mathdisplay@stack=\toks21
LaTeX Info: Redefining \[ on input line 2923.
LaTeX Info: Redefining \] on input line 2924.
)
(c:/Users/scla896/AppData/Roaming/TinyTeX/texmf-dist/tex/generic/iftex/ifxetex.
sty
Package: ifxetex 2019/10/25 v0.7 ifxetex legacy package. Use iftex instead.

(c:/Users/scla896/AppData/Roaming/TinyTeX/texmf-dist/tex/generic/iftex/iftex.st
y
Package: iftex 2020/03/06 v1.0d TeX engine tests
))
(c:/Users/scla896/AppData/Roaming/TinyTeX/texmf-dist/tex/generic/iftex/ifluatex
.sty
Package: ifluatex 2019/10/25 v1.5 ifluatex legacy package. Use iftex instead.
)
(c:/Users/scla896/AppData/Roaming/TinyTeX/texmf-dist/tex/latex/base/fontenc.sty
Package: fontenc 2021/04/29 v2.0v Standard LaTeX package
LaTeX Font Info:    Trying to load font information for T1+lmr on input line 11
2.
(c:/Users/scla896/AppData/Roaming/TinyTeX/texmf-dist/tex/latex/lm/t1lmr.fd
File: t1lmr.fd 2015/05/01 v1.6.1 Font defs for Latin Modern
))
(c:/Users/scla896/AppData/Roaming/TinyTeX/texmf-dist/tex/latex/base/inputenc.st
y
Package: inputenc 2021/02/14 v1.3d Input encoding file
\inpenc@prehook=\toks22
\inpenc@posthook=\toks23
)
(c:/Users/scla896/AppData/Roaming/TinyTeX/texmf-dist/tex/latex/base/textcomp.st
y
Package: textcomp 2020/02/02 v2.0n Standard LaTeX package
)
(c:/Users/scla896/AppData/Roaming/TinyTeX/texmf-dist/tex/latex/xcolor/xcolor.st
y
Package: xcolor 2016/05/11 v2.12 LaTeX color extensions (UK)

(c:/Users/scla896/AppData/Roaming/TinyTeX/texmf-dist/tex/latex/graphics-cfg/col
or.cfg
File: color.cfg 2016/01/02 v1.6 sample color configuration
)
Package xcolor Info: Driver file: pdftex.def on input line 225.

(c:/Users/scla896/AppData/Roaming/TinyTeX/texmf-dist/tex/latex/graphics-def/pdf
tex.def
File: pdftex.def 2020/10/05 v1.2a Graphics/color driver for pdftex
)
Package xcolor Info: Model `cmy' substituted by `cmy0' on input line 1348.
Package xcolor Info: Model `hsb' substituted by `rgb' on input line 1352.
Package xcolor Info: Model `RGB' extended on input line 1364.
Package xcolor Info: Model `HTML' substituted by `rgb' on input line 1366.
Package xcolor Info: Model `Hsb' substituted by `hsb' on input line 1367.
Package xcolor Info: Model `tHsb' substituted by `hsb' on input line 1368.
Package xcolor Info: Model `HSB' substituted by `hsb' on input line 1369.
Package xcolor Info: Model `Gray' substituted by `gray' on input line 1370.
Package xcolor Info: Model `wave' substituted by `hsb' on input line 1371.
)
(c:/Users/scla896/AppData/Roaming/TinyTeX/texmf-dist/tex/latex/hyperref/hyperre
f.sty
Package: hyperref 2021-06-07 v7.00m Hypertext links for LaTeX

(c:/Users/scla896/AppData/Roaming/TinyTeX/texmf-dist/tex/generic/ltxcmds/ltxcmd
s.sty
Package: ltxcmds 2020-05-10 v1.25 LaTeX kernel commands for general use (HO)
)
(c:/Users/scla896/AppData/Roaming/TinyTeX/texmf-dist/tex/generic/pdftexcmds/pdf
texcmds.sty
Package: pdftexcmds 2020-06-27 v0.33 Utility functions of pdfTeX for LuaTeX (HO
)

(c:/Users/scla896/AppData/Roaming/TinyTeX/texmf-dist/tex/generic/infwarerr/infw
arerr.sty
Package: infwarerr 2019/12/03 v1.5 Providing info/warning/error messages (HO)
)
Package pdftexcmds Info: \pdf@primitive is available.
Package pdftexcmds Info: \pdf@ifprimitive is available.
Package pdftexcmds Info: \pdfdraftmode found.
)
(c:/Users/scla896/AppData/Roaming/TinyTeX/texmf-dist/tex/latex/graphics/keyval.
sty
Package: keyval 2014/10/28 v1.15 key=value parser (DPC)
\KV@toks@=\toks24
)
(c:/Users/scla896/AppData/Roaming/TinyTeX/texmf-dist/tex/generic/kvsetkeys/kvse
tkeys.sty
Package: kvsetkeys 2019/12/15 v1.18 Key value parser (HO)
)
(c:/Users/scla896/AppData/Roaming/TinyTeX/texmf-dist/tex/generic/kvdefinekeys/k
vdefinekeys.sty
Package: kvdefinekeys 2019-12-19 v1.6 Define keys (HO)
)
(c:/Users/scla896/AppData/Roaming/TinyTeX/texmf-dist/tex/generic/pdfescape/pdfe
scape.sty
Package: pdfescape 2019/12/09 v1.15 Implements pdfTeX's escape features (HO)
)
(c:/Users/scla896/AppData/Roaming/TinyTeX/texmf-dist/tex/latex/hycolor/hycolor.
sty
Package: hycolor 2020-01-27 v1.10 Color options for hyperref/bookmark (HO)
)
(c:/Users/scla896/AppData/Roaming/TinyTeX/texmf-dist/tex/latex/letltxmacro/letl
txmacro.sty
Package: letltxmacro 2019/12/03 v1.6 Let assignment for LaTeX macros (HO)
)
(c:/Users/scla896/AppData/Roaming/TinyTeX/texmf-dist/tex/latex/auxhook/auxhook.
sty
Package: auxhook 2019-12-17 v1.6 Hooks for auxiliary files (HO)
)
(c:/Users/scla896/AppData/Roaming/TinyTeX/texmf-dist/tex/latex/kvoptions/kvopti
ons.sty
Package: kvoptions 2020-10-07 v3.14 Key value format for package options (HO)
)
\@linkdim=\dimen148
\Hy@linkcounter=\count269
\Hy@pagecounter=\count270

(c:/Users/scla896/AppData/Roaming/TinyTeX/texmf-dist/tex/latex/hyperref/pd1enc.
def
File: pd1enc.def 2021-06-07 v7.00m Hyperref: PDFDocEncoding definition (HO)
Now handling font encoding PD1 ...
... no UTF-8 mapping file for font encoding PD1
)
(c:/Users/scla896/AppData/Roaming/TinyTeX/texmf-dist/tex/latex/hyperref/hyperre
f-langpatches.def
File: hyperref-langpatches.def 2021-06-07 v7.00m Hyperref: patches for babel la
nguages
)
(c:/Users/scla896/AppData/Roaming/TinyTeX/texmf-dist/tex/generic/intcalc/intcal
c.sty
Package: intcalc 2019/12/15 v1.3 Expandable calculations with integers (HO)
)
(c:/Users/scla896/AppData/Roaming/TinyTeX/texmf-dist/tex/generic/etexcmds/etexc
mds.sty
Package: etexcmds 2019/12/15 v1.7 Avoid name clashes with e-TeX commands (HO)
)
\Hy@SavedSpaceFactor=\count271

(c:/Users/scla896/AppData/Roaming/TinyTeX/texmf-dist/tex/latex/hyperref/puenc.d
ef
File: puenc.def 2021-06-07 v7.00m Hyperref: PDF Unicode definition (HO)
Now handling font encoding PU ...
... no UTF-8 mapping file for font encoding PU
)
Package hyperref Info: Option `unicode' set `true' on input line 4073.
Package hyperref Info: Hyper figures OFF on input line 4192.
Package hyperref Info: Link nesting OFF on input line 4197.
Package hyperref Info: Hyper index ON on input line 4200.
Package hyperref Info: Plain pages OFF on input line 4207.
Package hyperref Info: Backreferencing OFF on input line 4212.
Package hyperref Info: Implicit mode ON; LaTeX internals redefined.
Package hyperref Info: Bookmarks ON on input line 4445.
\c@Hy@tempcnt=\count272
(c:/Users/scla896/AppData/Roaming/TinyTeX/texmf-dist/tex/latex/url/url.sty
\Urlmuskip=\muskip17
Package: url 2013/09/16  ver 3.4  Verb mode for urls, etc.
)
LaTeX Info: Redefining \url on input line 4804.
\XeTeXLinkMargin=\dimen149

(c:/Users/scla896/AppData/Roaming/TinyTeX/texmf-dist/tex/generic/bitset/bitset.
sty
Package: bitset 2019/12/09 v1.3 Handle bit-vector datatype (HO)

(c:/Users/scla896/AppData/Roaming/TinyTeX/texmf-dist/tex/generic/bigintcalc/big
intcalc.sty
Package: bigintcalc 2019/12/15 v1.5 Expandable calculations on big integers (HO
)
))
\Fld@menulength=\count273
\Field@Width=\dimen150
\Fld@charsize=\dimen151
Package hyperref Info: Hyper figures OFF on input line 6076.
Package hyperref Info: Link nesting OFF on input line 6081.
Package hyperref Info: Hyper index ON on input line 6084.
Package hyperref Info: backreferencing OFF on input line 6091.
Package hyperref Info: Link coloring OFF on input line 6096.
Package hyperref Info: Link coloring with OCG OFF on input line 6101.
Package hyperref Info: PDF/A mode OFF on input line 6106.
LaTeX Info: Redefining \ref on input line 6146.
LaTeX Info: Redefining \pageref on input line 6150.

(c:/Users/scla896/AppData/Roaming/TinyTeX/texmf-dist/tex/latex/base/atbegshi-lt
x.sty
Package: atbegshi-ltx 2021/01/10 v1.0c Emulation of the original atbegshi
package with kernel methods
)
\Hy@abspage=\count274
\c@Item=\count275
\c@Hfootnote=\count276
)
Package hyperref Info: Driver (autodetected): hpdftex.

(c:/Users/scla896/AppData/Roaming/TinyTeX/texmf-dist/tex/latex/hyperref/hpdftex
.def
File: hpdftex.def 2021-06-07 v7.00m Hyperref driver for pdfTeX

(c:/Users/scla896/AppData/Roaming/TinyTeX/texmf-dist/tex/latex/base/atveryend-l
tx.sty
Package: atveryend-ltx 2020/08/19 v1.0a Emulation of the original atvery packag
e
with kernel methods
)
\Fld@listcount=\count277
\c@bookmark@seq@number=\count278

(c:/Users/scla896/AppData/Roaming/TinyTeX/texmf-dist/tex/latex/rerunfilecheck/r
erunfilecheck.sty
Package: rerunfilecheck 2019/12/05 v1.9 Rerun checks for auxiliary files (HO)

(c:/Users/scla896/AppData/Roaming/TinyTeX/texmf-dist/tex/generic/uniquecounter/
uniquecounter.sty
Package: uniquecounter 2019/12/15 v1.4 Provide unlimited unique counter (HO)
)
Package uniquecounter Info: New unique counter `rerunfilecheck' on input line 2
86.
)
\Hy@SectionHShift=\skip52
)
(c:/Users/scla896/AppData/Roaming/TinyTeX/texmf-dist/tex/latex/tools/longtable.
sty
Package: longtable 2021-05-07 v4.16 Multi-page Table package (DPC)
\LTleft=\skip53
\LTright=\skip54
\LTpre=\skip55
\LTpost=\skip56
\LTchunksize=\count279
\LTcapwidth=\dimen152
\LT@head=\box52
\LT@firsthead=\box53
\LT@foot=\box54
\LT@lastfoot=\box55
\LT@gbox=\box56
\LT@cols=\count280
\LT@rows=\count281
\c@LT@tables=\count282
\c@LT@chunks=\count283
\LT@p@ftn=\toks25
)
(c:/Users/scla896/AppData/Roaming/TinyTeX/texmf-dist/tex/latex/booktabs/booktab
s.sty
Package: booktabs 2020/01/12 v1.61803398 Publication quality tables
\heavyrulewidth=\dimen153
\lightrulewidth=\dimen154
\cmidrulewidth=\dimen155
\belowrulesep=\dimen156
\belowbottomsep=\dimen157
\aboverulesep=\dimen158
\abovetopsep=\dimen159
\cmidrulesep=\dimen160
\cmidrulekern=\dimen161
\defaultaddspace=\dimen162
\@cmidla=\count284
\@cmidlb=\count285
\@aboverulesep=\dimen163
\@belowrulesep=\dimen164
\@thisruleclass=\count286
\@lastruleclass=\count287
\@thisrulewidth=\dimen165
)
(c:/Users/scla896/AppData/Roaming/TinyTeX/texmf-dist/tex/latex/etoolbox/etoolbo
x.sty
Package: etoolbox 2020/10/05 v2.5k e-TeX tools for LaTeX (JAW)
\etb@tempcnta=\count288
)
(c:/Users/scla896/AppData/Roaming/TinyTeX/texmf-dist/tex/latex/mdwtools/footnot
e.sty
Package: footnote 1997/01/28 1.13 Save footnotes around boxes
\fn@notes=\box57
\fn@width=\dimen166
)
(c:/Users/scla896/AppData/Roaming/TinyTeX/texmf-dist/tex/latex/graphics/graphic
x.sty
Package: graphicx 2020/12/05 v1.2c Enhanced LaTeX Graphics (DPC,SPQR)

(c:/Users/scla896/AppData/Roaming/TinyTeX/texmf-dist/tex/latex/graphics/graphic
s.sty
Package: graphics 2021/03/04 v1.4d Standard LaTeX Graphics (DPC,SPQR)

(c:/Users/scla896/AppData/Roaming/TinyTeX/texmf-dist/tex/latex/graphics/trig.st
y
Package: trig 2016/01/03 v1.10 sin cos tan (DPC)
)
(c:/Users/scla896/AppData/Roaming/TinyTeX/texmf-dist/tex/latex/graphics-cfg/gra
phics.cfg
File: graphics.cfg 2016/06/04 v1.11 sample graphics configuration
)
Package graphics Info: Driver file: pdftex.def on input line 107.
)
\Gin@req@height=\dimen167
\Gin@req@width=\dimen168
)
(c:/Users/scla896/AppData/Roaming/TinyTeX/texmf-dist/tex/latex/grffile/grffile.
sty
Package: grffile 2019/11/11 v2.1 Extended file name support for graphics (legac
y)
Package grffile Info: This package is an empty stub for compatibility on input 
line 40.
) (c:/Users/scla896/AppData/Roaming/TinyTeX/texmf-dist/tex/latex/base/alltt.sty
Package: alltt 2021/01/29 v2.0g defines alltt environment
)
(c:/Users/scla896/AppData/Roaming/TinyTeX/texmf-dist/tex/latex/geometry/geometr
y.sty
Package: geometry 2020/01/02 v5.9 Page Geometry

(c:/Users/scla896/AppData/Roaming/TinyTeX/texmf-dist/tex/generic/iftex/ifvtex.s
ty
Package: ifvtex 2019/10/25 v1.7 ifvtex legacy package. Use iftex instead.
)
\Gm@cnth=\count289
\Gm@cntv=\count290
\c@Gm@tempcnt=\count291
\Gm@bindingoffset=\dimen169
\Gm@wd@mp=\dimen170
\Gm@odd@mp=\dimen171
\Gm@even@mp=\dimen172
\Gm@layoutwidth=\dimen173
\Gm@layoutheight=\dimen174
\Gm@layouthoffset=\dimen175
\Gm@layoutvoffset=\dimen176
\Gm@dimlist=\toks26
)
(c:/Users/scla896/AppData/Roaming/TinyTeX/texmf-dist/tex/latex/nomencl/nomencl.
sty
Package: nomencl 2020/12/29 v5.5 Nomenclature package

(c:/Users/scla896/AppData/Roaming/TinyTeX/texmf-dist/tex/latex/xkeyval/xkeyval.
sty
Package: xkeyval 2020/11/20 v2.8 package option processing (HA)

(c:/Users/scla896/AppData/Roaming/TinyTeX/texmf-dist/tex/generic/xkeyval/xkeyva
l.tex
(c:/Users/scla896/AppData/Roaming/TinyTeX/texmf-dist/tex/generic/xkeyval/xkvuti
ls.tex
\XKV@toks=\toks27
\XKV@tempa@toks=\toks28
)
\XKV@depth=\count292
File: xkeyval.tex 2014/12/03 v2.7a key=value parser (HA)
)) (c:/Users/scla896/AppData/Roaming/TinyTeX/texmf-dist/tex/latex/base/ifthen.s
ty
Package: ifthen 2020/11/24 v1.1c Standard LaTeX ifthen package (DPC)
)
(c:/Users/scla896/AppData/Roaming/TinyTeX/texmf-dist/tex/latex/koma-script/tocb
asic.sty
Package: tocbasic 2021/06/25 v3.34 KOMA-Script package (handling toc-files)

(c:/Users/scla896/AppData/Roaming/TinyTeX/texmf-dist/tex/latex/koma-script/scrb
ase.sty
Package: scrbase 2021/06/25 v3.34 KOMA-Script package (KOMA-Script-independent 
basics and keyval usage)

(c:/Users/scla896/AppData/Roaming/TinyTeX/texmf-dist/tex/latex/koma-script/scrl
file.sty
Package: scrlfile 2021/06/25 v3.34 KOMA-Script package (file load hooks)

(c:/Users/scla896/AppData/Roaming/TinyTeX/texmf-dist/tex/latex/koma-script/scrl
file-hook.sty
Package: scrlfile-hook 2021/06/25 v3.34 KOMA-Script package (using LaTeX hooks)


(c:/Users/scla896/AppData/Roaming/TinyTeX/texmf-dist/tex/latex/koma-script/scrl
ogo.sty
Package: scrlogo 2021/06/25 v3.34 KOMA-Script package (logo)
)))
Applying: [2021/05/01] Usage of raw or classic option list on input line 252.
Already applied: [0000/00/00] Usage of raw or classic option list on input line
 368.
)
\scr@dte@tocline@numberwidth=\skip57
\scr@dte@tocline@numbox=\box58
)
Package tocbasic Info: babel extension for `nlo' omitted
(tocbasic)             because of missing \bbl@set@language on input line 187.
Package tocbasic Info: babel extension for `nls' omitted
(tocbasic)             because of missing \bbl@set@language on input line 188.
\nomlabelwidth=\dimen177
\nom@tempdim=\dimen178
\nomitemsep=\skip58
)
(c:/Users/scla896/AppData/Roaming/TinyTeX/texmf-dist/tex/latex/amscls/amsthm.st
y
Package: amsthm 2020/05/29 v2.20.6
\thm@style=\toks29
\thm@bodyfont=\toks30
\thm@headfont=\toks31
\thm@notefont=\toks32
\thm@headpunct=\toks33
\thm@preskip=\skip59
\thm@postskip=\skip60
\thm@headsep=\skip61
\dth@everypar=\toks34
) (c:/Users/scla896/AppData/Roaming/TinyTeX/texmf-dist/tex/latex/tools/bm.sty
Package: bm 2021/04/25 v1.2e Bold Symbol Support (DPC/FMi)
\symboldoperators=\mathgroup6
\symboldletters=\mathgroup7
\symboldsymbols=\mathgroup8
Package bm Info: No bold for \OMX/lmex/m/n, using \pmb.
Package bm Info: No bold for \U/msa/m/n, using \pmb.
Package bm Info: No bold for \U/msb/m/n, using \pmb.
LaTeX Font Info:    Redeclaring math alphabet \mathbf on input line 149.
)
(c:/Users/scla896/AppData/Roaming/TinyTeX/texmf-dist/tex/latex/base/fontenc.sty
Package: fontenc 2021/04/29 v2.0v Standard LaTeX package
)
(c:/Users/scla896/AppData/Roaming/TinyTeX/texmf-dist/tex/latex/framed/framed.st
y
Package: framed 2011/10/22 v 0.96: framed or shaded text with page breaks
\OuterFrameSep=\skip62
\fb@frw=\dimen179
\fb@frh=\dimen180
\FrameRule=\dimen181
\FrameSep=\dimen182
)
(c:/Users/scla896/AppData/Roaming/TinyTeX/texmf-dist/tex/latex/multirow/multiro
w.sty
Package: multirow 2021/03/15 v2.8 Span multiple rows of a table
\multirow@colwidth=\skip63
\multirow@cntb=\count293
\multirow@dima=\skip64
\bigstrutjot=\dimen183
)
(c:/Users/scla896/AppData/Roaming/TinyTeX/texmf-dist/tex/latex/caption/caption.
sty
Package: caption 2020/10/26 v3.5g Customizing captions (AR)

(c:/Users/scla896/AppData/Roaming/TinyTeX/texmf-dist/tex/latex/caption/caption3
.sty
Package: caption3 2020/10/21 v2.2e caption3 kernel (AR)
\captionmargin=\dimen184
\captionmargin@=\dimen185
\captionwidth=\dimen186
\caption@tempdima=\dimen187
\caption@indent=\dimen188
\caption@parindent=\dimen189
\caption@hangindent=\dimen190
Package caption Info: Standard document class detected.
)
\c@caption@flags=\count294
\c@continuedfloat=\count295
Package caption Info: hyperref package is loaded.
Package caption Info: longtable package is loaded.

(c:/Users/scla896/AppData/Roaming/TinyTeX/texmf-dist/tex/latex/caption/ltcaptio
n.sty
Package: ltcaption 2020/05/30 v1.4b longtable captions (AR)
))
(c:/Users/scla896/AppData/Roaming/TinyTeX/texmf-dist/tex/latex/setspace/setspac
e.sty
Package: setspace 2011/12/19 v6.7a set line spacing
)
(c:/Users/scla896/AppData/Roaming/TinyTeX/texmf-dist/tex/latex/titlesec/titlese
c.sty
Package: titlesec 2021/07/05 v2.14 Sectioning titles
\ttl@box=\box59
\beforetitleunit=\skip65
\aftertitleunit=\skip66
\ttl@plus=\dimen191
\ttl@minus=\dimen192
\ttl@toksa=\toks35
\titlewidth=\dimen193
\titlewidthlast=\dimen194
\titlewidthfirst=\dimen195
)
(c:/Users/scla896/AppData/Roaming/TinyTeX/texmf-dist/tex/latex/threeparttable/t
hreeparttable.sty
Package: threeparttable 2003/06/13  v 3.0
\@tempboxb=\box60
) (c:/Users/scla896/AppData/Roaming/TinyTeX/texmf-dist/tex/latex/float/float.st
y
Package: float 2001/11/08 v1.3d Float enhancements (AL)
\c@float@type=\count296
\float@exts=\toks36
\float@box=\box61
\@float@everytoks=\toks37
\@floatcapt=\box62
)
(c:/Users/scla896/AppData/Roaming/TinyTeX/texmf-dist/tex/latex/colortbl/colortb
l.sty
Package: colortbl 2020/01/04 v1.0e Color table columns (DPC)
(c:/Users/scla896/AppData/Roaming/TinyTeX/texmf-dist/tex/latex/tools/array.sty
Package: array 2021/04/20 v2.5e Tabular extension package (FMi)
\col@sep=\dimen196
\ar@mcellbox=\box63
\extrarowheight=\dimen197
\NC@list=\toks38
\extratabsurround=\skip67
\backup@length=\skip68
\ar@cellbox=\box64
)
\everycr=\toks39
\minrowclearance=\skip69
)
(c:/Users/scla896/AppData/Roaming/TinyTeX/texmf-dist/tex/latex/natbib/natbib.st
y
Package: natbib 2010/09/13 8.31b (PWD, AO)
\bibhang=\skip70
\bibsep=\skip71
LaTeX Info: Redefining \cite on input line 694.
\c@NAT@ctr=\count297
)
(c:/Users/scla896/AppData/Roaming/TinyTeX/texmf-dist/tex/latex/mathtools/mathto
ols.sty
Package: mathtools 2021/04/12 v1.27 mathematical typesetting tools
(c:/Users/scla896/AppData/Roaming/TinyTeX/texmf-dist/tex/latex/tools/calc.sty
Package: calc 2017/05/25 v4.3 Infix arithmetic (KKT,FJ)
\calc@Acount=\count298
\calc@Bcount=\count299
\calc@Adimen=\dimen198
\calc@Bdimen=\dimen199
\calc@Askip=\skip72
\calc@Bskip=\skip73
LaTeX Info: Redefining \setlength on input line 80.
LaTeX Info: Redefining \addtolength on input line 81.
\calc@Ccount=\count300
\calc@Cskip=\skip74
)
(c:/Users/scla896/AppData/Roaming/TinyTeX/texmf-dist/tex/latex/mathtools/mhsetu
p.sty
Package: mhsetup 2021/03/18 v1.4 programming setup (MH)
)
LaTeX Info: Thecontrolsequence`\('isalreadyrobust on input line 130.
LaTeX Info: Thecontrolsequence`\)'isalreadyrobust on input line 130.
LaTeX Info: Thecontrolsequence`\['isalreadyrobust on input line 130.
LaTeX Info: Thecontrolsequence`\]'isalreadyrobust on input line 130.
\g_MT_multlinerow_int=\count301
\l_MT_multwidth_dim=\dimen256
\origjot=\skip75
\l_MT_shortvdotswithinadjustabove_dim=\dimen257
\l_MT_shortvdotswithinadjustbelow_dim=\dimen258
\l_MT_above_intertext_sep=\dimen259
\l_MT_below_intertext_sep=\dimen260
\l_MT_above_shortintertext_sep=\dimen261
\l_MT_below_shortintertext_sep=\dimen262
\xmathstrut@box=\box65
\xmathstrut@dim=\dimen263
)
(c:/Users/scla896/AppData/Roaming/TinyTeX/texmf-dist/tex/latex/subfig/subfig.st
y
Package: subfig 2005/06/28 ver: 1.3 subfig package
\c@KVtest=\count302
\sf@farskip=\skip76
\sf@captopadj=\dimen264
\sf@capskip=\skip77
\sf@nearskip=\skip78
\c@subfigure=\count303
\c@subfigure@save=\count304
\c@lofdepth=\count305
\c@subtable=\count306
\c@subtable@save=\count307
\c@lotdepth=\count308
\sf@top=\skip79
\sf@bottom=\skip80
)
(c:/Users/scla896/AppData/Roaming/TinyTeX/texmf-dist/tex/latex/appendix/appendi
x.sty
Package: appendix 2020/02/08 v1.2c extra appendix facilities
\c@@pps=\count309
\c@@ppsavesec=\count310
\c@@ppsaveapp=\count311
)
(c:/Users/scla896/AppData/Roaming/TinyTeX/texmf-dist/tex/latex/listings/listing
s.sty
\lst@mode=\count312
\lst@gtempboxa=\box66
\lst@token=\toks40
\lst@length=\count313
\lst@currlwidth=\dimen265
\lst@column=\count314
\lst@pos=\count315
\lst@lostspace=\dimen266
\lst@width=\dimen267
\lst@newlines=\count316
\lst@lineno=\count317
\lst@maxwidth=\dimen268

(c:/Users/scla896/AppData/Roaming/TinyTeX/texmf-dist/tex/latex/listings/lstmisc
.sty
File: lstmisc.sty 2020/03/24 1.8d (Carsten Heinz)
\c@lstnumber=\count318
\lst@skipnumbers=\count319
\lst@framebox=\box67
)
(c:/Users/scla896/AppData/Roaming/TinyTeX/texmf-dist/tex/latex/listings/listing
s.cfg
File: listings.cfg 2020/03/24 1.8d listings configuration
))
Package: listings 2020/03/24 1.8d (Carsten Heinz)

(c:/Users/scla896/AppData/Roaming/TinyTeX/texmf-dist/tex/latex/base/makeidx.sty
Package: makeidx 2014/09/29 v1.0m Standard LaTeX package
)
(c:/Users/scla896/AppData/Roaming/TinyTeX/texmf-dist/tex/latex/tocloft/tocloft.
sty
Package: tocloft 2017/08/31 v2.3i parameterised ToC, etc., typesetting
Package tocloft Info: The document has chapter divisions on input line 51.
\cftparskip=\skip81
\cftbeforetoctitleskip=\skip82
\cftaftertoctitleskip=\skip83
\cftbeforepartskip=\skip84
\cftpartnumwidth=\skip85
\cftpartindent=\skip86
\cftbeforechapskip=\skip87
\cftchapindent=\skip88
\cftchapnumwidth=\skip89
\cftbeforesecskip=\skip90
\cftsecindent=\skip91
\cftsecnumwidth=\skip92
\cftbeforesubsecskip=\skip93
\cftsubsecindent=\skip94
\cftsubsecnumwidth=\skip95
\cftbeforesubsubsecskip=\skip96
\cftsubsubsecindent=\skip97
\cftsubsubsecnumwidth=\skip98
\cftbeforeparaskip=\skip99
\cftparaindent=\skip100
\cftparanumwidth=\skip101
\cftbeforesubparaskip=\skip102
\cftsubparaindent=\skip103
\cftsubparanumwidth=\skip104
\cftbeforeloftitleskip=\skip105
\cftafterloftitleskip=\skip106
\cftbeforefigskip=\skip107
\cftfigindent=\skip108
\cftfignumwidth=\skip109
\cftbeforelottitleskip=\skip110
\cftafterlottitleskip=\skip111
\cftbeforetabskip=\skip112
\cfttabindent=\skip113
\cfttabnumwidth=\skip114
\cftbeforesubfigskip=\skip115
\cftsubfigindent=\skip116
\cftsubfignumwidth=\skip117
\cftbeforesubtabskip=\skip118
\cftsubtabindent=\skip119
\cftsubtabnumwidth=\skip120
)
(c:/Users/scla896/AppData/Roaming/TinyTeX/texmf-dist/tex/latex/tocbibind/tocbib
ind.sty
Package: tocbibind 2010/10/13 v1.5k extra ToC listings
Package tocbibind Info: The document has chapter divisions on input line 50.

Package tocbibind Note: Using chapter style headings, unless overridden.

)
(c:/Users/scla896/AppData/Roaming/TinyTeX/texmf-dist/tex/latex/pdflscape/pdflsc
ape.sty
Package: pdflscape 2019/12/05 v0.12 Display of landscape pages in PDF (HO)

(c:/Users/scla896/AppData/Roaming/TinyTeX/texmf-dist/tex/latex/graphics/lscape.
sty
Package: lscape 2020/05/28 v3.02 Landscape Pages (DPC)
)
Package pdflscape Info: Auto-detected driver: pdftex on input line 81.
)
(c:/Users/scla896/AppData/Roaming/TinyTeX/texmf-dist/tex/latex/placeins/placein
s.sty
Package: placeins 2005/04/18  v 2.2
)
Package hyperref Info: Option `bookmarksnumbered' set `false' on input line 107
.
Package hyperref Info: Option `bookmarksopen' set `false' on input line 107.
Package hyperref Info: Option `colorlinks' set `true' on input line 107.

(c:/Users/scla896/AppData/Roaming/TinyTeX/texmf-dist/tex/latex/fancyhdr/fancyhd
r.sty
Package: fancyhdr 2021/01/28 v4.0.1 Extensive control of page headers and foote
rs
\f@nch@headwidth=\skip121
\f@nch@O@elh=\skip122
\f@nch@O@erh=\skip123
\f@nch@O@olh=\skip124
\f@nch@O@orh=\skip125
\f@nch@O@elf=\skip126
\f@nch@O@erf=\skip127
\f@nch@O@olf=\skip128
\f@nch@O@orf=\skip129
)
\li=\skip130
\di=\skip131
\@bls=\dimen269
\@float@every@Box=\toks41
\c@Box=\count320

(c:/Users/scla896/AppData/Roaming/TinyTeX/texmf-dist/tex/latex/l3backend/l3back
end-pdftex.def
File: l3backend-pdftex.def 2021-08-04 L3 backend support: PDF output (pdfTeX)
\l__color_backend_stack_int=\count321
\l__pdf_internal_box=\box68
) (./_main.aux)
\openout1 = `_main.aux'.

LaTeX Font Info:    Checking defaults for OML/cmm/m/it on input line 302.
LaTeX Font Info:    ... okay on input line 302.
LaTeX Font Info:    Checking defaults for OMS/cmsy/m/n on input line 302.
LaTeX Font Info:    ... okay on input line 302.
LaTeX Font Info:    Checking defaults for OT1/cmr/m/n on input line 302.
LaTeX Font Info:    ... okay on input line 302.
LaTeX Font Info:    Checking defaults for T1/cmr/m/n on input line 302.
LaTeX Font Info:    ... okay on input line 302.
LaTeX Font Info:    Checking defaults for TS1/cmr/m/n on input line 302.
LaTeX Font Info:    ... okay on input line 302.
LaTeX Font Info:    Checking defaults for OMX/cmex/m/n on input line 302.
LaTeX Font Info:    ... okay on input line 302.
LaTeX Font Info:    Checking defaults for U/cmr/m/n on input line 302.
LaTeX Font Info:    ... okay on input line 302.
LaTeX Font Info:    Checking defaults for PD1/pdf/m/n on input line 302.
LaTeX Font Info:    ... okay on input line 302.
LaTeX Font Info:    Checking defaults for PU/pdf/m/n on input line 302.
LaTeX Font Info:    ... okay on input line 302.

(c:/Users/scla896/AppData/Roaming/TinyTeX/texmf-dist/tex/latex/epstopdf-pkg/eps
topdf-base.sty
Package: epstopdf-base 2020-01-24 v2.11 Base part for package epstopdf
Package epstopdf-base Info: Redefining graphics rule for `.eps' on input line 4
85.

(c:/Users/scla896/AppData/Roaming/TinyTeX/texmf-dist/tex/latex/latexconfig/epst
opdf-sys.cfg
File: epstopdf-sys.cfg 2010/07/13 v1.3 Configuration of (r)epstopdf for TeX Liv
e
))
Package hyperref Info: Link coloring ON on input line 302.

(c:/Users/scla896/AppData/Roaming/TinyTeX/texmf-dist/tex/latex/hyperref/nameref
.sty
Package: nameref 2021-04-02 v2.47 Cross-referencing by name of section

(c:/Users/scla896/AppData/Roaming/TinyTeX/texmf-dist/tex/latex/refcount/refcoun
t.sty
Package: refcount 2019/12/15 v3.6 Data extraction from label references (HO)
)
(c:/Users/scla896/AppData/Roaming/TinyTeX/texmf-dist/tex/generic/gettitlestring
/gettitlestring.sty
Package: gettitlestring 2019/12/15 v1.6 Cleanup title references (HO)
)
\c@section@level=\count322
)
LaTeX Info: Redefining \ref on input line 302.
LaTeX Info: Redefining \pageref on input line 302.
LaTeX Info: Redefining \nameref on input line 302.
(./_main.out) (./_main.out)
\@outlinefile=\write3
\openout3 = `_main.out'.

*geometry* driver: auto-detecting
*geometry* detected driver: pdftex
*geometry* verbose mode - [ preamble ] result:
* driver: pdftex
* paper: <default>
* layout: <same size as paper>
* layoutoffset:(h,v)=(0.0pt,0.0pt)
* modes: 
* h-part:(L,W,R)=(108.405pt, 433.62001pt, 72.26999pt)
* v-part:(T,H,B)=(72.26999pt, 650.43001pt, 72.26999pt)
* \paperwidth=614.295pt
* \paperheight=794.96999pt
* \textwidth=469.75499pt
* \textheight=650.43pt
* \oddsidemargin=0.0pt
* \evensidemargin=36.13501pt
* \topmargin=-36.135pt
* \headheight=12.0pt
* \headsep=19.8738pt
* \topskip=12.0pt
* \footskip=30.0pt
* \marginparwidth=47.0pt
* \marginparsep=7.0pt
* \columnsep=10.0pt
* \skip\footins=10.8pt plus 4.0pt minus 2.0pt
* \hoffset=0.0pt
* \voffset=0.0pt
* \mag=1000
* \@twocolumnfalse
* \@twosidefalse
* \@mparswitchfalse
* \@reversemarginfalse
* (1in=72.27pt=25.4mm, 1cm=28.453pt)

Package tocbasic Info: usage of `tocbibind' detected on input line 302.
Package caption Info: Begin \AtBeginDocument code.
Package caption Info: subfig package v1.3 is loaded.
Package caption Info: float package is loaded.
Package caption Info: listings package is loaded.
Package caption Info: threeparttable package is loaded.
Package caption Info: End \AtBeginDocument code.
\c@lstlisting=\count323
[1


{c:/Users/scla896/AppData/Roaming/TinyTeX/texmf-var/fonts/map/pdftex/updmap/pdf
tex.map}] (./tex/abstract.tex) [2

] (./tex/dedication.tex) [3

] (./tex/acknowledgements.tex) [4

] (./_main.toc
LaTeX Font Info:    Trying to load font information for OT1+lmr on input line 3
.
(c:/Users/scla896/AppData/Roaming/TinyTeX/texmf-dist/tex/latex/lm/ot1lmr.fd
File: ot1lmr.fd 2015/05/01 v1.6.1 Font defs for Latin Modern
)
LaTeX Font Info:    Trying to load font information for OML+lmm on input line 3
.
(c:/Users/scla896/AppData/Roaming/TinyTeX/texmf-dist/tex/latex/lm/omllmm.fd
File: omllmm.fd 2015/05/01 v1.6.1 Font defs for Latin Modern
)
LaTeX Font Info:    Trying to load font information for OMS+lmsy on input line 
3.
(c:/Users/scla896/AppData/Roaming/TinyTeX/texmf-dist/tex/latex/lm/omslmsy.fd
File: omslmsy.fd 2015/05/01 v1.6.1 Font defs for Latin Modern
)
LaTeX Font Info:    Trying to load font information for OMX+lmex on input line 
3.
(c:/Users/scla896/AppData/Roaming/TinyTeX/texmf-dist/tex/latex/lm/omxlmex.fd
File: omxlmex.fd 2015/05/01 v1.6.1 Font defs for Latin Modern
)
LaTeX Font Info:    External font `lmex10' loaded for size
(Font)              <12> on input line 3.
LaTeX Font Info:    External font `lmex10' loaded for size
(Font)              <8> on input line 3.
LaTeX Font Info:    External font `lmex10' loaded for size
(Font)              <6> on input line 3.
LaTeX Font Info:    Trying to load font information for U+msa on input line 3.

(c:/Users/scla896/AppData/Roaming/TinyTeX/texmf-dist/tex/latex/amsfonts/umsa.fd
File: umsa.fd 2013/01/14 v3.01 AMS symbols A
)
LaTeX Font Info:    Trying to load font information for U+msb on input line 3.

(c:/Users/scla896/AppData/Roaming/TinyTeX/texmf-dist/tex/latex/amsfonts/umsb.fd
File: umsb.fd 2013/01/14 v3.01 AMS symbols B
) [5

] [6] [7])
\tf@toc=\write4
\openout4 = `_main.toc'.

[8]
Chapter 1.
[1


] [2]
<images/ch1/twoDims.png, id=641, 542.025pt x 542.025pt>
File: images/ch1/twoDims.png Graphic file (type png)
<use images/ch1/twoDims.png>
Package pdftex.def Info: images/ch1/twoDims.png  used on input line 467.
(pdftex.def)             Requested size: 469.77148pt x 469.77148pt.
[3] [4 <./images/ch1/twoDims.png>] [5] [6] [7]
Chapter 2.
LaTeX Font Info:    External font `lmex10' loaded for size
(Font)              <10> on input line 489.
LaTeX Font Info:    External font `lmex10' loaded for size
(Font)              <7> on input line 489.
LaTeX Font Info:    External font `lmex10' loaded for size
(Font)              <5> on input line 489.
<_main_files/figure-latex/ch2figUniMulti-1.pdf, id=698, 361.35pt x 361.35pt>
File: _main_files/figure-latex/ch2figUniMulti-1.pdf Graphic file (type pdf)
<use _main_files/figure-latex/ch2figUniMulti-1.pdf>
Package pdftex.def Info: _main_files/figure-latex/ch2figUniMulti-1.pdf  used on
 input line 500.
(pdftex.def)             Requested size: 361.34912pt x 361.34912pt.
[8

] [9 <./_main_files/figure-latex/ch2figUniMulti-1.pdf>] [10] [11] [12] [13] [14
] [15] [16] [17] [18] [19] [20] [21] [22] [23] [24] [25] [26] [27]
Chapter 3.
[28

] [29] [30] [31]
LaTeX Font Info:    Trying to load font information for TS1+lmr on input line 8
05.
(c:/Users/scla896/AppData/Roaming/TinyTeX/texmf-dist/tex/latex/lm/ts1lmr.fd
File: ts1lmr.fd 2015/05/01 v1.6.1 Font defs for Latin Modern
) [32] [33] [34] [35]
<_main_files/figure-latex/ch3corPcaPlot-1.pdf, id=1458, 578.16pt x 361.35pt>
File: _main_files/figure-latex/ch3corPcaPlot-1.pdf Graphic file (type pdf)
<use _main_files/figure-latex/ch3corPcaPlot-1.pdf>
Package pdftex.def Info: _main_files/figure-latex/ch3corPcaPlot-1.pdf  used on 
input line 869.
(pdftex.def)             Requested size: 469.75385pt x 293.59616pt.
[36] [37 <./_main_files/figure-latex/ch3corPcaPlot-1.pdf>]
<_main_files/figure-latex/ch3coopPunPlot-1.pdf, id=1489, 578.16pt x 289.08pt>
File: _main_files/figure-latex/ch3coopPunPlot-1.pdf Graphic file (type pdf)
<use _main_files/figure-latex/ch3coopPunPlot-1.pdf>
Package pdftex.def Info: _main_files/figure-latex/ch3coopPunPlot-1.pdf  used on
 input line 881.
(pdftex.def)             Requested size: 469.75385pt x 234.8769pt.
[38 <./_main_files/figure-latex/ch3coopPunPlot-1.pdf>]
<_main_files/figure-latex/ch3policyPlotCoop-1.pdf, id=1515, 505.89pt x 397.485p
t>
File: _main_files/figure-latex/ch3policyPlotCoop-1.pdf Graphic file (type pdf)
<use _main_files/figure-latex/ch3policyPlotCoop-1.pdf>
Package pdftex.def Info: _main_files/figure-latex/ch3policyPlotCoop-1.pdf  used
 on input line 893.
(pdftex.def)             Requested size: 469.76265pt x 369.09923pt.
[39] [40 <./_main_files/figure-latex/ch3policyPlotCoop-1.pdf>] [41] [42] [43] [
44]
<_main_files/figure-latex/ch3rfBeastPlot-1.pdf, id=1610, 505.89pt x 289.08pt>
File: _main_files/figure-latex/ch3rfBeastPlot-1.pdf Graphic file (type pdf)
<use _main_files/figure-latex/ch3rfBeastPlot-1.pdf>
Package pdftex.def Info: _main_files/figure-latex/ch3rfBeastPlot-1.pdf  used on
 input line 967.
(pdftex.def)             Requested size: 469.76265pt x 268.43579pt.
[45]
<_main_files/figure-latex/ch3policyPlotBEAST-1.pdf, id=1627, 505.89pt x 505.89p
t>
File: _main_files/figure-latex/ch3policyPlotBEAST-1.pdf Graphic file (type pdf)

<use _main_files/figure-latex/ch3policyPlotBEAST-1.pdf>
Package pdftex.def Info: _main_files/figure-latex/ch3policyPlotBEAST-1.pdf  use
d on input line 977.
(pdftex.def)             Requested size: 469.76265pt x 469.76265pt.
[46 <./_main_files/figure-latex/ch3rfBeastPlot-1.pdf>] [47 <./_main_files/figur
e-latex/ch3policyPlotBEAST-1.pdf>] [48] [49] [50]
Chapter 4.
[51

] [52] [53] [54] [55] [56] [57]
<_main_files/figure-latex/ch4plotLOO-1.pdf, id=1868, 505.89pt x 505.89pt>
File: _main_files/figure-latex/ch4plotLOO-1.pdf Graphic file (type pdf)
<use _main_files/figure-latex/ch4plotLOO-1.pdf>
Package pdftex.def Info: _main_files/figure-latex/ch4plotLOO-1.pdf  used on inp
ut line 1100.
(pdftex.def)             Requested size: 469.76265pt x 469.76265pt.
[58] [59 <./_main_files/figure-latex/ch4plotLOO-1.pdf>]
<_main_files/figure-latex/ch4plotCoopSlopes-1.pdf, id=1895, 361.35pt x 289.08pt
>
File: _main_files/figure-latex/ch4plotCoopSlopes-1.pdf Graphic file (type pdf)
<use _main_files/figure-latex/ch4plotCoopSlopes-1.pdf>
Package pdftex.def Info: _main_files/figure-latex/ch4plotCoopSlopes-1.pdf  used
 on input line 1110.
(pdftex.def)             Requested size: 361.34912pt x 289.07928pt.
[60 <./_main_files/figure-latex/ch4plotCoopSlopes-1.pdf>] [61] [62] [63]
Chapter 5.
[64

]
<images/ch5/theoreticalModels.png, id=1991, 864.98157pt x 542.025pt>
File: images/ch5/theoreticalModels.png Graphic file (type png)
<use images/ch5/theoreticalModels.png>
Package pdftex.def Info: images/ch5/theoreticalModels.png  used on input line 1
150.
(pdftex.def)             Requested size: 469.7492pt x 294.3598pt.
[65 <./images/ch5/theoreticalModels.png>] [66] [67] [68] [69] [70] [71]
<_main_files/figure-latex/ch5clpmPlotSDO-1.pdf, id=2106, 433.62pt x 433.62pt>
File: _main_files/figure-latex/ch5clpmPlotSDO-1.pdf Graphic file (type pdf)
<use _main_files/figure-latex/ch5clpmPlotSDO-1.pdf>
Package pdftex.def Info: _main_files/figure-latex/ch5clpmPlotSDO-1.pdf  used on
 input line 1260.
(pdftex.def)             Requested size: 433.63878pt x 433.63878pt.
[72] [73 <./_main_files/figure-latex/ch5clpmPlotSDO-1.pdf>] [74] [75] [76]
Chapter 6.
[77

] [78] [79] [80] [81] [82] [83]
<_main_files/figure-latex/ch6plotCoopNorm-1.pdf, id=2292, 361.35pt x 578.16pt>
File: _main_files/figure-latex/ch6plotCoopNorm-1.pdf Graphic file (type pdf)
<use _main_files/figure-latex/ch6plotCoopNorm-1.pdf>
Package pdftex.def Info: _main_files/figure-latex/ch6plotCoopNorm-1.pdf  used o
n input line 1401.
(pdftex.def)             Requested size: 361.34912pt x 578.15858pt.

LaTeX Warning: Float too large for page by 9.72859pt on input line 1403.

[84] [85 <./_main_files/figure-latex/ch6plotCoopNorm-1.pdf>]
<_main_files/figure-latex/ch6plotSDORWA-1.pdf, id=2319, 578.16pt x 289.08pt>
File: _main_files/figure-latex/ch6plotSDORWA-1.pdf Graphic file (type pdf)
<use _main_files/figure-latex/ch6plotSDORWA-1.pdf>
Package pdftex.def Info: _main_files/figure-latex/ch6plotSDORWA-1.pdf  used on 
input line 1411.
(pdftex.def)             Requested size: 469.75385pt x 234.8769pt.
[86]
<_main_files/figure-latex/ch6plotSDO-1.pdf, id=2329, 433.62pt x 433.62pt>
File: _main_files/figure-latex/ch6plotSDO-1.pdf Graphic file (type pdf)
<use _main_files/figure-latex/ch6plotSDO-1.pdf>
Package pdftex.def Info: _main_files/figure-latex/ch6plotSDO-1.pdf  used on inp
ut line 1421.
(pdftex.def)             Requested size: 433.63878pt x 433.63878pt.
[87 <./_main_files/figure-latex/ch6plotSDORWA-1.pdf>] [88 <./_main_files/figure
-latex/ch6plotSDO-1.pdf>]
<_main_files/figure-latex/ch6plotInequalityAversionSDO-1.pdf, id=2363, 289.08pt
 x 289.08pt>
File: _main_files/figure-latex/ch6plotInequalityAversionSDO-1.pdf Graphic file 
(type pdf)
<use _main_files/figure-latex/ch6plotInequalityAversionSDO-1.pdf>
Package pdftex.def Info: _main_files/figure-latex/ch6plotInequalityAversionSDO-
1.pdf  used on input line 1431.
(pdftex.def)             Requested size: 289.09251pt x 289.09251pt.
<_main_files/figure-latex/ch6plotRWA-1.pdf, id=2365, 433.62pt x 433.62pt>
File: _main_files/figure-latex/ch6plotRWA-1.pdf Graphic file (type pdf)
<use _main_files/figure-latex/ch6plotRWA-1.pdf>
Package pdftex.def Info: _main_files/figure-latex/ch6plotRWA-1.pdf  used on inp
ut line 1441.
(pdftex.def)             Requested size: 433.63878pt x 433.63878pt.
[89 <./_main_files/figure-latex/ch6plotInequalityAversionSDO-1.pdf>] [90 <./_ma
in_files/figure-latex/ch6plotRWA-1.pdf>] [91] [92] [93]
Chapter 7.
[94

] [95] [96] [97] [98] [99] [100] [101] [102] [103] [104] [105]
Chapter 8.
[106

] [107]
<_main_files/figure-latex/ch3samplePlot-1.pdf, id=2621, 722.7pt x 433.62pt>
File: _main_files/figure-latex/ch3samplePlot-1.pdf Graphic file (type pdf)
<use _main_files/figure-latex/ch3samplePlot-1.pdf>
Package pdftex.def Info: _main_files/figure-latex/ch3samplePlot-1.pdf  used on 
input line 1591.
(pdftex.def)             Requested size: 469.76045pt x 281.85628pt.
[108 <./_main_files/figure-latex/ch3samplePlot-1.pdf>]
<_main_files/figure-latex/ch3screePlot-1.pdf, id=2642, 578.16pt x 289.08pt>
File: _main_files/figure-latex/ch3screePlot-1.pdf Graphic file (type pdf)
<use _main_files/figure-latex/ch3screePlot-1.pdf>
Package pdftex.def Info: _main_files/figure-latex/ch3screePlot-1.pdf  used on i
nput line 1603.
(pdftex.def)             Requested size: 469.75385pt x 234.8769pt.
[109 <./_main_files/figure-latex/ch3screePlot-1.pdf>]
<images/ch3/modelDrawing/cfa1.png, id=2653, 963.6pt x 542.025pt>
File: images/ch3/modelDrawing/cfa1.png Graphic file (type png)
<use images/ch3/modelDrawing/cfa1.png>
Package pdftex.def Info: images/ch3/modelDrawing/cfa1.png  used on input line 1
614.
(pdftex.def)             Requested size: 469.75679pt x 264.23819pt.
[110 <./images/ch3/modelDrawing/cfa1.png>]
<images/ch3/modelDrawing/cfa2.png, id=2659, 963.6pt x 542.025pt>
File: images/ch3/modelDrawing/cfa2.png Graphic file (type png)
<use images/ch3/modelDrawing/cfa2.png>
Package pdftex.def Info: images/ch3/modelDrawing/cfa2.png  used on input line 1
624.
(pdftex.def)             Requested size: 469.75679pt x 264.23819pt.
[111 <./images/ch3/modelDrawing/cfa2.png>]
<_main_files/figure-latex/ch3indGamesPlotSDO-1.pdf, id=2665, 505.89pt x 289.08p
t>
File: _main_files/figure-latex/ch3indGamesPlotSDO-1.pdf Graphic file (type pdf)

<use _main_files/figure-latex/ch3indGamesPlotSDO-1.pdf>
Package pdftex.def Info: _main_files/figure-latex/ch3indGamesPlotSDO-1.pdf  use
d on input line 1635.
(pdftex.def)             Requested size: 469.76265pt x 268.43579pt.
[112 <./_main_files/figure-latex/ch3indGamesPlotSDO-1.pdf>]
<_main_files/figure-latex/ch3indGamesPlotRWA-1.pdf, id=2679, 505.89pt x 289.08p
t>
File: _main_files/figure-latex/ch3indGamesPlotRWA-1.pdf Graphic file (type pdf)

<use _main_files/figure-latex/ch3indGamesPlotRWA-1.pdf>
Package pdftex.def Info: _main_files/figure-latex/ch3indGamesPlotRWA-1.pdf  use
d on input line 1647.
(pdftex.def)             Requested size: 469.76265pt x 268.43579pt.
[113 <./_main_files/figure-latex/ch3indGamesPlotRWA-1.pdf>]
<_main_files/figure-latex/ch3policyR2Plot-1.pdf, id=2694, 505.89pt x 433.62pt>
File: _main_files/figure-latex/ch3policyR2Plot-1.pdf Graphic file (type pdf)
<use _main_files/figure-latex/ch3policyR2Plot-1.pdf>
Package pdftex.def Info: _main_files/figure-latex/ch3policyR2Plot-1.pdf  used o
n input line 1659.
(pdftex.def)             Requested size: 469.76265pt x 402.65372pt.
[114 <./_main_files/figure-latex/ch3policyR2Plot-1.pdf>]
<_main_files/figure-latex/ch3beastImages-1.pdf, id=2706, 433.62pt x 505.89pt>
File: _main_files/figure-latex/ch3beastImages-1.pdf Graphic file (type pdf)
<use _main_files/figure-latex/ch3beastImages-1.pdf>
Package pdftex.def Info: _main_files/figure-latex/ch3beastImages-1.pdf  used on
 input line 1671.
(pdftex.def)             Requested size: 433.62555pt x 505.89645pt.
[115 <./_main_files/figure-latex/ch3beastImages-1.pdf>]
<_main_files/figure-latex/ch3histBEAST-1.pdf, id=2721, 505.89pt x 289.08pt>
File: _main_files/figure-latex/ch3histBEAST-1.pdf Graphic file (type pdf)
<use _main_files/figure-latex/ch3histBEAST-1.pdf>
Package pdftex.def Info: _main_files/figure-latex/ch3histBEAST-1.pdf  used on i
nput line 1683.
(pdftex.def)             Requested size: 469.76265pt x 268.43579pt.
[116

 <./_main_files/figure-latex/ch3histBEAST-1.pdf>]
<_main_files/figure-latex/ch3histRF-1.pdf, id=2731, 505.89pt x 289.08pt>
File: _main_files/figure-latex/ch3histRF-1.pdf Graphic file (type pdf)
<use _main_files/figure-latex/ch3histRF-1.pdf>
Package pdftex.def Info: _main_files/figure-latex/ch3histRF-1.pdf  used on inpu
t line 1695.
(pdftex.def)             Requested size: 469.76265pt x 268.43579pt.
[117 <./_main_files/figure-latex/ch3histRF-1.pdf>] [118] [119] [120] [121] [122
] [123] [124] [125] [126] [127] [128] [129] [130] [131

] [132] [133] [134] [135] [136] [137] [138]
Chapter 9.
<_main_files/figure-latex/ch4plotHist-1.pdf, id=2844, 433.62pt x 361.35pt>
File: _main_files/figure-latex/ch4plotHist-1.pdf Graphic file (type pdf)
<use _main_files/figure-latex/ch4plotHist-1.pdf>
Package pdftex.def Info: _main_files/figure-latex/ch4plotHist-1.pdf  used on in
put line 2350.
(pdftex.def)             Requested size: 433.61894pt x 361.34912pt.
[139

 <./_main_files/figure-latex/ch4plotHist-1.pdf>]
<_main_files/figure-latex/ch4plotImpute-1.pdf, id=2865, 722.7pt x 722.7pt>
File: _main_files/figure-latex/ch4plotImpute-1.pdf Graphic file (type pdf)
<use _main_files/figure-latex/ch4plotImpute-1.pdf>
Package pdftex.def Info: _main_files/figure-latex/ch4plotImpute-1.pdf  used on 
input line 2362.
(pdftex.def)             Requested size: 469.76045pt x 469.76045pt.
[140 <./_main_files/figure-latex/ch4plotImpute-1.pdf>]
<_main_files/figure-latex/ch4plotBeastSlopes-1.pdf, id=2879, 361.35pt x 289.08p
t>
File: _main_files/figure-latex/ch4plotBeastSlopes-1.pdf Graphic file (type pdf)

<use _main_files/figure-latex/ch4plotBeastSlopes-1.pdf>
Package pdftex.def Info: _main_files/figure-latex/ch4plotBeastSlopes-1.pdf  use
d on input line 2374.
(pdftex.def)             Requested size: 361.34912pt x 289.07928pt.
[141 <./_main_files/figure-latex/ch4plotBeastSlopes-1.pdf>]
<_main_files/figure-latex/ch4plotBeast-1.pdf, id=2901, 361.35pt x 289.08pt>
File: _main_files/figure-latex/ch4plotBeast-1.pdf Graphic file (type pdf)
<use _main_files/figure-latex/ch4plotBeast-1.pdf>
Package pdftex.def Info: _main_files/figure-latex/ch4plotBeast-1.pdf  used on i
nput line 2386.
(pdftex.def)             Requested size: 361.34912pt x 289.07928pt.
[142 <./_main_files/figure-latex/ch4plotBeast-1.pdf>]
<_main_files/figure-latex/ch4plotm1-1.pdf, id=2916, 505.89pt x 361.35pt>
File: _main_files/figure-latex/ch4plotm1-1.pdf Graphic file (type pdf)
<use _main_files/figure-latex/ch4plotm1-1.pdf>
Package pdftex.def Info: _main_files/figure-latex/ch4plotm1-1.pdf  used on inpu
t line 2398.
(pdftex.def)             Requested size: 469.76265pt x 335.54477pt.
[143 <./_main_files/figure-latex/ch4plotm1-1.pdf>]
<_main_files/figure-latex/ch4plotm2-1.pdf, id=2937, 505.89pt x 361.35pt>
File: _main_files/figure-latex/ch4plotm2-1.pdf Graphic file (type pdf)
<use _main_files/figure-latex/ch4plotm2-1.pdf>
Package pdftex.def Info: _main_files/figure-latex/ch4plotm2-1.pdf  used on inpu
t line 2410.
(pdftex.def)             Requested size: 469.76265pt x 335.54477pt.
[144 <./_main_files/figure-latex/ch4plotm2-1.pdf>]
<_main_files/figure-latex/ch4plotm3-1.pdf, id=2957, 505.89pt x 361.35pt>
File: _main_files/figure-latex/ch4plotm3-1.pdf Graphic file (type pdf)
<use _main_files/figure-latex/ch4plotm3-1.pdf>
Package pdftex.def Info: _main_files/figure-latex/ch4plotm3-1.pdf  used on inpu
t line 2422.
(pdftex.def)             Requested size: 469.76265pt x 335.54477pt.
[145 <./_main_files/figure-latex/ch4plotm3-1.pdf>]
<_main_files/figure-latex/ch4plotm4-1.pdf, id=2977, 505.89pt x 361.35pt>
File: _main_files/figure-latex/ch4plotm4-1.pdf Graphic file (type pdf)
<use _main_files/figure-latex/ch4plotm4-1.pdf>
Package pdftex.def Info: _main_files/figure-latex/ch4plotm4-1.pdf  used on inpu
t line 2434.
(pdftex.def)             Requested size: 469.76265pt x 335.54477pt.
[146 <./_main_files/figure-latex/ch4plotm4-1.pdf>]
<_main_files/figure-latex/ch4plotm5-1.pdf, id=2998, 505.89pt x 361.35pt>
File: _main_files/figure-latex/ch4plotm5-1.pdf Graphic file (type pdf)
<use _main_files/figure-latex/ch4plotm5-1.pdf>
Package pdftex.def Info: _main_files/figure-latex/ch4plotm5-1.pdf  used on inpu
t line 2446.
(pdftex.def)             Requested size: 469.76265pt x 335.54477pt.
[147 <./_main_files/figure-latex/ch4plotm5-1.pdf>]
<_main_files/figure-latex/ch4plotm6-1.pdf, id=3020, 505.89pt x 361.35pt>
File: _main_files/figure-latex/ch4plotm6-1.pdf Graphic file (type pdf)
<use _main_files/figure-latex/ch4plotm6-1.pdf>
Package pdftex.def Info: _main_files/figure-latex/ch4plotm6-1.pdf  used on inpu
t line 2458.
(pdftex.def)             Requested size: 469.76265pt x 335.54477pt.
[148 <./_main_files/figure-latex/ch4plotm6-1.pdf>]
<_main_files/figure-latex/ch4plotm7-1.pdf, id=3041, 505.89pt x 361.35pt>
File: _main_files/figure-latex/ch4plotm7-1.pdf Graphic file (type pdf)
<use _main_files/figure-latex/ch4plotm7-1.pdf>
Package pdftex.def Info: _main_files/figure-latex/ch4plotm7-1.pdf  used on inpu
t line 2470.
(pdftex.def)             Requested size: 469.76265pt x 335.54477pt.
[149 <./_main_files/figure-latex/ch4plotm7-1.pdf>]
<_main_files/figure-latex/ch4plotm8-1.pdf, id=3063, 505.89pt x 361.35pt>
File: _main_files/figure-latex/ch4plotm8-1.pdf Graphic file (type pdf)
<use _main_files/figure-latex/ch4plotm8-1.pdf>
Package pdftex.def Info: _main_files/figure-latex/ch4plotm8-1.pdf  used on inpu
t line 2482.
(pdftex.def)             Requested size: 469.76265pt x 335.54477pt.
[150 <./_main_files/figure-latex/ch4plotm8-1.pdf>]
<_main_files/figure-latex/ch4plotm9-1.pdf, id=3084, 505.89pt x 361.35pt>
File: _main_files/figure-latex/ch4plotm9-1.pdf Graphic file (type pdf)
<use _main_files/figure-latex/ch4plotm9-1.pdf>
Package pdftex.def Info: _main_files/figure-latex/ch4plotm9-1.pdf  used on inpu
t line 2494.
(pdftex.def)             Requested size: 469.76265pt x 335.54477pt.
[151 <./_main_files/figure-latex/ch4plotm9-1.pdf>] [152]
Chapter 10.
<_main_files/figure-latex/ch5timelinePlot-1.pdf, id=3110, 505.89pt x 361.35pt>
File: _main_files/figure-latex/ch5timelinePlot-1.pdf Graphic file (type pdf)
<use _main_files/figure-latex/ch5timelinePlot-1.pdf>
Package pdftex.def Info: _main_files/figure-latex/ch5timelinePlot-1.pdf  used o
n input line 2543.
(pdftex.def)             Requested size: 469.76265pt x 335.54477pt.
[153

 <./_main_files/figure-latex/ch5timelinePlot-1.pdf>]
<_main_files/figure-latex/ch5impPlot-1.pdf, id=3125, 1156.32pt x 722.7pt>
File: _main_files/figure-latex/ch5impPlot-1.pdf Graphic file (type pdf)
<use _main_files/figure-latex/ch5impPlot-1.pdf>
Package pdftex.def Info: _main_files/figure-latex/ch5impPlot-1.pdf  used on inp
ut line 2555.
(pdftex.def)             Requested size: 469.75385pt x 293.59615pt.
[154 <./_main_files/figure-latex/ch5impPlot-1.pdf>]
<images/ch5/cfa1.png, id=3139, 520.94624pt x 520.94624pt>
File: images/ch5/cfa1.png Graphic file (type png)
<use images/ch5/cfa1.png>
Package pdftex.def Info: images/ch5/cfa1.png  used on input line 2566.
(pdftex.def)             Requested size: 375.80437pt x 375.80437pt.
[155 <./images/ch5/cfa1.png>]
<_main_files/figure-latex/ch5sem1Plot-1.pdf, id=3146, 469.755pt x 325.215pt>
File: _main_files/figure-latex/ch5sem1Plot-1.pdf Graphic file (type pdf)
<use _main_files/figure-latex/ch5sem1Plot-1.pdf>
Package pdftex.def Info: _main_files/figure-latex/ch5sem1Plot-1.pdf  used on in
put line 2576.
(pdftex.def)             Requested size: 375.80452pt x 260.17235pt.
[156 <./_main_files/figure-latex/ch5sem1Plot-1.pdf>]
<_main_files/figure-latex/ch5clpmPlotIncRed-1.pdf, id=3161, 433.62pt x 433.62pt
>
File: _main_files/figure-latex/ch5clpmPlotIncRed-1.pdf Graphic file (type pdf)
<use _main_files/figure-latex/ch5clpmPlotIncRed-1.pdf>
Package pdftex.def Info: _main_files/figure-latex/ch5clpmPlotIncRed-1.pdf  used
 on input line 2587.
(pdftex.def)             Requested size: 433.63878pt x 433.63878pt.
[157 <./_main_files/figure-latex/ch5clpmPlotIncRed-1.pdf>]
<_main_files/figure-latex/ch5clpmPlotIncAtt-1.pdf, id=3173, 433.62pt x 433.62pt
>
File: _main_files/figure-latex/ch5clpmPlotIncAtt-1.pdf Graphic file (type pdf)
<use _main_files/figure-latex/ch5clpmPlotIncAtt-1.pdf>
Package pdftex.def Info: _main_files/figure-latex/ch5clpmPlotIncAtt-1.pdf  used
 on input line 2599.
(pdftex.def)             Requested size: 433.63878pt x 433.63878pt.
[158 <./_main_files/figure-latex/ch5clpmPlotIncAtt-1.pdf>]
<_main_files/figure-latex/ch5clpmPlotPolNat-1.pdf, id=3185, 433.62pt x 433.62pt
>
File: _main_files/figure-latex/ch5clpmPlotPolNat-1.pdf Graphic file (type pdf)
<use _main_files/figure-latex/ch5clpmPlotPolNat-1.pdf>
Package pdftex.def Info: _main_files/figure-latex/ch5clpmPlotPolNat-1.pdf  used
 on input line 2611.
(pdftex.def)             Requested size: 433.63878pt x 433.63878pt.
[159 <./_main_files/figure-latex/ch5clpmPlotPolNat-1.pdf>] [160



] [161]
Chapter 11.
<_main_files/figure-latex/ch6plotUtility-1.pdf, id=3208, 578.16pt x 289.08pt>
File: _main_files/figure-latex/ch6plotUtility-1.pdf Graphic file (type pdf)
<use _main_files/figure-latex/ch6plotUtility-1.pdf>
Package pdftex.def Info: _main_files/figure-latex/ch6plotUtility-1.pdf  used on
 input line 2671.
(pdftex.def)             Requested size: 469.75385pt x 234.8769pt.
[162

 <./_main_files/figure-latex/ch6plotUtility-1.pdf>]
<_main_files/figure-latex/ch6plotUtilityVar-1.pdf, id=3220, 578.16pt x 289.08pt
>
File: _main_files/figure-latex/ch6plotUtilityVar-1.pdf Graphic file (type pdf)
<use _main_files/figure-latex/ch6plotUtilityVar-1.pdf>
Package pdftex.def Info: _main_files/figure-latex/ch6plotUtilityVar-1.pdf  used
 on input line 2683.
(pdftex.def)             Requested size: 469.75385pt x 234.8769pt.
[163 <./_main_files/figure-latex/ch6plotUtilityVar-1.pdf>]
<_main_files/figure-latex/ch6plotInequalityAversion-1.pdf, id=3234, 289.08pt x 
289.08pt>
File: _main_files/figure-latex/ch6plotInequalityAversion-1.pdf Graphic file (ty
pe pdf)
<use _main_files/figure-latex/ch6plotInequalityAversion-1.pdf>
Package pdftex.def Info: _main_files/figure-latex/ch6plotInequalityAversion-1.p
df  used on input line 2695.
(pdftex.def)             Requested size: 289.09251pt x 289.09251pt.
[164 <./_main_files/figure-latex/ch6plotInequalityAversion-1.pdf>]
<_main_files/figure-latex/ch6plotInequalityAversionVar-1.pdf, id=3244, 289.08pt
 x 289.08pt>
File: _main_files/figure-latex/ch6plotInequalityAversionVar-1.pdf Graphic file 
(type pdf)
<use _main_files/figure-latex/ch6plotInequalityAversionVar-1.pdf>
Package pdftex.def Info: _main_files/figure-latex/ch6plotInequalityAversionVar-
1.pdf  used on input line 2707.
(pdftex.def)             Requested size: 289.09251pt x 289.09251pt.
[165 <./_main_files/figure-latex/ch6plotInequalityAversionVar-1.pdf>] [166] [16
7] [168

] [169]
Underfull \hbox (badness 1478) in paragraph at lines 2893--2895
 [][]\T1/lmr/m/n/12 Brandt, M. J., Reyna, C., Cham-bers, J. R., Craw-ford, J. T
., & Wetherell, G.
 []


Underfull \hbox (badness 3769) in paragraph at lines 2893--2895
 \T1/lmr/m/n/12 (2014). The ideological-conflict hy-poth-e-sis: In-tol-er-ance 
among both lib-er-als
 []


Underfull \hbox (badness 2409) in paragraph at lines 2893--2895
 \T1/lmr/m/n/12 and con-ser-va-tives. \T1/lmr/m/it/12 Cur-rent Di-rec-tions in 
Psy-cho-log-i-cal Sci-ence\T1/lmr/m/n/12 , \T1/lmr/m/it/12 23\T1/lmr/m/n/12 (1)
, 27--34.
 []

[170] [171] [172] [173] [174] [175] [176] [177] [178] [179]
Underfull \hbox (badness 10000) in paragraph at lines 3202--3204
 [][]$\T1/lmr/m/n/12 https : / / www . theguardian . com / world / 2019 / jun /
 04 / denmark -[] centre -[] left -[] predicted -[] win -[]
 []

[180] [181] [182] [183] [184] [185] [186] [187] [188] [189] [190] [191] [192] [
193] [194] [195] [196] [197] [198] [199] (./_main.aux)
Package rerunfilecheck Info: File `_main.out' has not changed.
(rerunfilecheck)             Checksum: 30D3418B36E19253E909B78300C17EED;20362.
 ) 
Here is how much of TeX's memory you used:
 18401 strings out of 480502
 296908 string characters out of 5897914
 679104 words of memory out of 5000000
 34827 multiletter control sequences out of 15000+600000
 492719 words of font info for 91 fonts, out of 8000000 for 9000
 14 hyphenation exceptions out of 8191
 110i,12n,117p,3083b,537s stack positions out of 5000i,500n,10000p,200000b,80000s
pdfTeX warning (dest): name{Hfootnote.2} has been referenced but does not exi
st, replaced by a fixed one

pdfTeX warning (dest): name{Hfootnote.1} has been referenced but does not exist
, replaced by a fixed one

{c:/Users/scla896/AppData/Roaming/TinyTeX/texmf-dist/fonts/enc/dvips/lm/lm-ec.e
nc}{c:/Users/scla896/AppData/Roaming/TinyTeX/texmf-dist/fonts/enc/dvips/lm/lm-m
athit.enc}{c:/Users/scla896/AppData/Roaming/TinyTeX/texmf-dist/fonts/enc/dvips/
lm/lm-rm.enc}{c:/Users/scla896/AppData/Roaming/TinyTeX/texmf-dist/fonts/enc/dvi
ps/lm/lm-mathsy.enc}{c:/Users/scla896/AppData/Roaming/TinyTeX/texmf-dist/fonts/
enc/dvips/lm/lm-ts1.enc}<c:/Users/scla896/AppData/Roaming/TinyTeX/texmf-dist/fo
nts/type1/public/lm/lmbx10.pfb><c:/Users/scla896/AppData/Roaming/TinyTeX/texmf-
dist/fonts/type1/public/lm/lmbx12.pfb><c:/Users/scla896/AppData/Roaming/TinyTeX
/texmf-dist/fonts/type1/public/lm/lmmi10.pfb><c:/Users/scla896/AppData/Roaming/
TinyTeX/texmf-dist/fonts/type1/public/lm/lmmi12.pfb><c:/Users/scla896/AppData/R
oaming/TinyTeX/texmf-dist/fonts/type1/public/lm/lmmi8.pfb><c:/Users/scla896/App
Data/Roaming/TinyTeX/texmf-dist/fonts/type1/public/lm/lmr10.pfb><c:/Users/scla8
96/AppData/Roaming/TinyTeX/texmf-dist/fonts/type1/public/lm/lmr12.pfb><c:/Users
/scla896/AppData/Roaming/TinyTeX/texmf-dist/fonts/type1/public/lm/lmr7.pfb><c:/
Users/scla896/AppData/Roaming/TinyTeX/texmf-dist/fonts/type1/public/lm/lmr8.pfb
><c:/Users/scla896/AppData/Roaming/TinyTeX/texmf-dist/fonts/type1/public/lm/lmr
i10.pfb><c:/Users/scla896/AppData/Roaming/TinyTeX/texmf-dist/fonts/type1/public
/lm/lmri12.pfb><c:/Users/scla896/AppData/Roaming/TinyTeX/texmf-dist/fonts/type1
/public/lm/lmri7.pfb><c:/Users/scla896/AppData/Roaming/TinyTeX/texmf-dist/fonts
/type1/public/lm/lmsy10.pfb>
Output written on _main.pdf (207 pages, 9792943 bytes).
PDF statistics:
 4109 PDF objects out of 4296 (max. 8388607)
 3679 compressed objects within 37 object streams
 839 named destinations out of 1000 (max. 500000)
 1107 words of extra memory for PDF output out of 10000 (max. 10000000)

